OpenJDK 64-Bit Server VM warning: Option UseConcMarkSweepGC was deprecated in version 9.0 and will likely be removed in a future release.
2020-12-09 22:12:19,133 [  37359]   WARN - pl.local.NativeFileWatcherImpl - Watcher terminated with exit code 130 
2020-12-09 22:12:19,348 [  37574]  ERROR - aemon.impl.PassExecutorService - Argument for @NotNull parameter 'future' of com/intellij/openapi/progress/util/ProgressIndicatorUtils.awaitWithCheckCanceled must not be null 
java.lang.IllegalArgumentException: Argument for @NotNull parameter 'future' of com/intellij/openapi/progress/util/ProgressIndicatorUtils.awaitWithCheckCanceled must not be null
	at com.intellij.openapi.progress.util.ProgressIndicatorUtils.$$$reportNull$$$0(ProgressIndicatorUtils.java)
	at com.intellij.openapi.progress.util.ProgressIndicatorUtils.awaitWithCheckCanceled(ProgressIndicatorUtils.java)
	at com.intellij.psi.stubs.StubIndexImpl.getAsyncState(StubIndexImpl.java:97)
	at com.intellij.psi.stubs.StubIndexImpl.getIndex(StubIndexImpl.java:367)
	at com.intellij.psi.stubs.StubIndexImpl.getContainingIds(StubIndexImpl.java:462)
	at com.intellij.psi.stubs.StubIndexImpl.processElements(StubIndexImpl.java:296)
	at com.intellij.psi.stubs.StubIndex.getElements(StubIndex.java:105)
	at com.intellij.psi.stubs.StubIndex.getElements(StubIndex.java:93)
	at com.intellij.psi.impl.java.stubs.index.JavaFullClassNameIndex.get(JavaFullClassNameIndex.java:30)
	at com.intellij.psi.impl.file.impl.JavaFileManagerImpl.doFindClasses(JavaFileManagerImpl.java:86)
	at com.intellij.psi.impl.file.impl.JavaFileManagerImpl.findClass(JavaFileManagerImpl.java:112)
	at com.intellij.psi.impl.PsiElementFinderImpl.findClass(PsiElementFinderImpl.java:49)
	at com.intellij.psi.impl.JavaPsiFacadeImpl.doFindClass(JavaPsiFacadeImpl.java:89)
	at com.intellij.psi.impl.JavaPsiFacadeImpl.findClass(JavaPsiFacadeImpl.java:67)
	at com.siyeh.ig.psiutils.ClassUtils.findClass(ClassUtils.java:98)
	at com.siyeh.ig.serialization.ExternalizableWithoutPublicNoArgConstructorInspection$ExternalizableWithoutPublicNoArgConstructorVisitor.isExternalizable(ExternalizableWithoutPublicNoArgConstructorInspection.java:115)
	at com.siyeh.ig.serialization.ExternalizableWithoutPublicNoArgConstructorInspection$ExternalizableWithoutPublicNoArgConstructorVisitor.visitClass(ExternalizableWithoutPublicNoArgConstructorInspection.java:94)
	at com.intellij.psi.impl.source.PsiClassImpl.accept(PsiClassImpl.java:459)
	at com.intellij.codeInspection.InspectionEngine.acceptElements(InspectionEngine.java:66)
	at com.intellij.codeInsight.daemon.impl.LocalInspectionsPass.lambda$visitRestElementsAndCleanup$6(LocalInspectionsPass.java:321)
	at com.intellij.util.AstLoadingFilter.lambda$toComputable$2(AstLoadingFilter.java:169)
	at com.intellij.util.AstLoadingFilter.disallowTreeLoading(AstLoadingFilter.java:127)
	at com.intellij.util.AstLoadingFilter.disallowTreeLoading(AstLoadingFilter.java:116)
	at com.intellij.util.AstLoadingFilter.disallowTreeLoading(AstLoadingFilter.java:111)
	at com.intellij.codeInsight.daemon.impl.LocalInspectionsPass.lambda$visitRestElementsAndCleanup$7(LocalInspectionsPass.java:321)
	at com.intellij.concurrency.ApplierCompleter.execAndForkSubTasks(ApplierCompleter.java:136)
	at com.intellij.openapi.application.impl.ApplicationImpl.tryRunReadAction(ApplicationImpl.java:1132)
	at com.intellij.concurrency.ApplierCompleter.lambda$wrapInReadActionAndIndicator$1(ApplierCompleter.java:92)
	at com.intellij.openapi.progress.impl.CoreProgressManager.registerIndicatorAndRun(CoreProgressManager.java:658)
	at com.intellij.openapi.progress.impl.CoreProgressManager.executeProcessUnderProgress(CoreProgressManager.java:610)
	at com.intellij.openapi.progress.impl.ProgressManagerImpl.executeProcessUnderProgress(ProgressManagerImpl.java:65)
	at com.intellij.concurrency.ApplierCompleter.wrapInReadActionAndIndicator(ApplierCompleter.java:104)
	at com.intellij.concurrency.ApplierCompleter.lambda$compute$0(ApplierCompleter.java:83)
	at com.intellij.openapi.application.impl.ReadMostlyRWLock.executeByImpatientReader(ReadMostlyRWLock.java:172)
	at com.intellij.openapi.application.impl.ApplicationImpl.executeByImpatientReader(ApplicationImpl.java:183)
	at com.intellij.concurrency.ApplierCompleter.compute(ApplierCompleter.java:83)
	at com.intellij.concurrency.JobLauncherImpl.invokeConcurrentlyUnderProgress(JobLauncherImpl.java:61)
	at com.intellij.concurrency.JobLauncher.invokeConcurrentlyUnderProgress(JobLauncher.java:48)
	at com.intellij.codeInsight.daemon.impl.LocalInspectionsPass.visitRestElementsAndCleanup(LocalInspectionsPass.java:332)
	at com.intellij.codeInsight.daemon.impl.LocalInspectionsPass.inspect(LocalInspectionsPass.java:197)
	at com.intellij.codeInsight.daemon.impl.LocalInspectionsPass.collectInformationWithProgress(LocalInspectionsPass.java:115)
	at com.intellij.codeInsight.daemon.impl.ProgressableTextEditorHighlightingPass.doCollectInformation(ProgressableTextEditorHighlightingPass.java:84)
	at com.intellij.codeHighlighting.TextEditorHighlightingPass.collectInformation(TextEditorHighlightingPass.java:56)
	at com.intellij.codeInsight.daemon.impl.PassExecutorService$ScheduledPass.lambda$doRun$1(PassExecutorService.java:400)
	at com.intellij.openapi.application.impl.ApplicationImpl.tryRunReadAction(ApplicationImpl.java:1137)
	at com.intellij.codeInsight.daemon.impl.PassExecutorService$ScheduledPass.lambda$doRun$2(PassExecutorService.java:393)
	at com.intellij.openapi.progress.impl.CoreProgressManager.registerIndicatorAndRun(CoreProgressManager.java:658)
	at com.intellij.openapi.progress.impl.CoreProgressManager.executeProcessUnderProgress(CoreProgressManager.java:610)
	at com.intellij.openapi.progress.impl.ProgressManagerImpl.executeProcessUnderProgress(ProgressManagerImpl.java:65)
	at com.intellij.codeInsight.daemon.impl.PassExecutorService$ScheduledPass.doRun(PassExecutorService.java:392)
	at com.intellij.codeInsight.daemon.impl.PassExecutorService$ScheduledPass.lambda$run$0(PassExecutorService.java:368)
	at com.intellij.openapi.application.impl.ReadMostlyRWLock.executeByImpatientReader(ReadMostlyRWLock.java:172)
	at com.intellij.openapi.application.impl.ApplicationImpl.executeByImpatientReader(ApplicationImpl.java:183)
	at com.intellij.codeInsight.daemon.impl.PassExecutorService$ScheduledPass.run(PassExecutorService.java:366)
	at com.intellij.concurrency.JobLauncherImpl$VoidForkJoinTask$1.exec(JobLauncherImpl.java:188)
	at java.base/java.util.concurrent.ForkJoinTask.doExec(ForkJoinTask.java:290)
	at java.base/java.util.concurrent.ForkJoinPool$WorkQueue.topLevelExec(ForkJoinPool.java:1020)
	at java.base/java.util.concurrent.ForkJoinPool.scan(ForkJoinPool.java:1656)
	at java.base/java.util.concurrent.ForkJoinPool.runWorker(ForkJoinPool.java:1594)
	at java.base/java.util.concurrent.ForkJoinWorkerThread.run(ForkJoinWorkerThread.java:183)
2020-12-09 22:12:19,362 [  37588]  ERROR - aemon.impl.PassExecutorService - IntelliJ IDEA 2020.3  Build #IC-203.5981.155 
2020-12-09 22:12:19,362 [  37588]  ERROR - aemon.impl.PassExecutorService - JDK: 11.0.9; VM: OpenJDK 64-Bit Server VM; Vendor: JetBrains s.r.o. 
2020-12-09 22:12:19,362 [  37588]  ERROR - aemon.impl.PassExecutorService - OS: Linux 
2020-12-09 22:12:19,363 [  37589]  ERROR - aemon.impl.PassExecutorService - Last Action:  
2020-12-09 22:12:19,364 [  37590]  ERROR - aemon.impl.PassExecutorService - Argument for @NotNull parameter 'future' of com/intellij/openapi/progress/util/ProgressIndicatorUtils.awaitWithCheckCanceled must not be null 
java.lang.IllegalArgumentException: Argument for @NotNull parameter 'future' of com/intellij/openapi/progress/util/ProgressIndicatorUtils.awaitWithCheckCanceled must not be null
	at com.intellij.openapi.progress.util.ProgressIndicatorUtils.$$$reportNull$$$0(ProgressIndicatorUtils.java)
	at com.intellij.openapi.progress.util.ProgressIndicatorUtils.awaitWithCheckCanceled(ProgressIndicatorUtils.java)
	at com.intellij.psi.stubs.StubIndexImpl.getAsyncState(StubIndexImpl.java:97)
	at com.intellij.psi.stubs.StubIndexImpl.getIndex(StubIndexImpl.java:367)
	at com.intellij.psi.stubs.StubIndexImpl.getContainingIds(StubIndexImpl.java:462)
	at com.intellij.psi.stubs.StubIndexImpl.processElements(StubIndexImpl.java:296)
	at com.intellij.psi.stubs.StubIndex.getElements(StubIndex.java:105)
	at com.intellij.psi.stubs.StubIndex.getElements(StubIndex.java:93)
	at com.intellij.psi.impl.java.stubs.index.JavaFullClassNameIndex.get(JavaFullClassNameIndex.java:30)
	at com.intellij.psi.impl.file.impl.JavaFileManagerImpl.doFindClasses(JavaFileManagerImpl.java:86)
	at com.intellij.psi.impl.file.impl.JavaFileManagerImpl.findClass(JavaFileManagerImpl.java:112)
	at com.intellij.psi.impl.PsiElementFinderImpl.findClass(PsiElementFinderImpl.java:49)
	at com.intellij.psi.impl.JavaPsiFacadeImpl.doFindClass(JavaPsiFacadeImpl.java:89)
	at com.intellij.psi.impl.JavaPsiFacadeImpl.findClass(JavaPsiFacadeImpl.java:67)
	at com.siyeh.ig.psiutils.ClassUtils.findClass(ClassUtils.java:98)
	at com.siyeh.ig.serialization.ExternalizableWithoutPublicNoArgConstructorInspection$ExternalizableWithoutPublicNoArgConstructorVisitor.isExternalizable(ExternalizableWithoutPublicNoArgConstructorInspection.java:115)
	at com.siyeh.ig.serialization.ExternalizableWithoutPublicNoArgConstructorInspection$ExternalizableWithoutPublicNoArgConstructorVisitor.visitClass(ExternalizableWithoutPublicNoArgConstructorInspection.java:94)
	at com.intellij.psi.impl.source.PsiClassImpl.accept(PsiClassImpl.java:459)
	at com.intellij.codeInspection.InspectionEngine.acceptElements(InspectionEngine.java:66)
	at com.intellij.codeInsight.daemon.impl.LocalInspectionsPass.lambda$visitRestElementsAndCleanup$6(LocalInspectionsPass.java:321)
	at com.intellij.util.AstLoadingFilter.lambda$toComputable$2(AstLoadingFilter.java:169)
	at com.intellij.util.AstLoadingFilter.disallowTreeLoading(AstLoadingFilter.java:127)
	at com.intellij.util.AstLoadingFilter.disallowTreeLoading(AstLoadingFilter.java:116)
	at com.intellij.util.AstLoadingFilter.disallowTreeLoading(AstLoadingFilter.java:111)
	at com.intellij.codeInsight.daemon.impl.LocalInspectionsPass.lambda$visitRestElementsAndCleanup$7(LocalInspectionsPass.java:321)
	at com.intellij.concurrency.ApplierCompleter.execAndForkSubTasks(ApplierCompleter.java:136)
	at com.intellij.openapi.application.impl.ApplicationImpl.tryRunReadAction(ApplicationImpl.java:1132)
	at com.intellij.concurrency.ApplierCompleter.lambda$wrapInReadActionAndIndicator$1(ApplierCompleter.java:92)
	at com.intellij.openapi.progress.impl.CoreProgressManager.registerIndicatorAndRun(CoreProgressManager.java:658)
	at com.intellij.openapi.progress.impl.CoreProgressManager.executeProcessUnderProgress(CoreProgressManager.java:610)
	at com.intellij.openapi.progress.impl.ProgressManagerImpl.executeProcessUnderProgress(ProgressManagerImpl.java:65)
	at com.intellij.concurrency.ApplierCompleter.wrapInReadActionAndIndicator(ApplierCompleter.java:104)
	at com.intellij.concurrency.ApplierCompleter.lambda$compute$0(ApplierCompleter.java:83)
	at com.intellij.openapi.application.impl.ReadMostlyRWLock.executeByImpatientReader(ReadMostlyRWLock.java:172)
	at com.intellij.openapi.application.impl.ApplicationImpl.executeByImpatientReader(ApplicationImpl.java:183)
	at com.intellij.concurrency.ApplierCompleter.compute(ApplierCompleter.java:83)
	at com.intellij.concurrency.JobLauncherImpl.invokeConcurrentlyUnderProgress(JobLauncherImpl.java:61)
	at com.intellij.concurrency.JobLauncher.invokeConcurrentlyUnderProgress(JobLauncher.java:48)
	at com.intellij.codeInsight.daemon.impl.LocalInspectionsPass.visitRestElementsAndCleanup(LocalInspectionsPass.java:332)
	at com.intellij.codeInsight.daemon.impl.LocalInspectionsPass.inspect(LocalInspectionsPass.java:197)
	at com.intellij.codeInsight.daemon.impl.LocalInspectionsPass.collectInformationWithProgress(LocalInspectionsPass.java:115)
	at com.intellij.codeInsight.daemon.impl.ProgressableTextEditorHighlightingPass.doCollectInformation(ProgressableTextEditorHighlightingPass.java:84)
	at com.intellij.codeHighlighting.TextEditorHighlightingPass.collectInformation(TextEditorHighlightingPass.java:56)
	at com.intellij.codeInsight.daemon.impl.PassExecutorService$ScheduledPass.lambda$doRun$1(PassExecutorService.java:400)
	at com.intellij.openapi.application.impl.ApplicationImpl.tryRunReadAction(ApplicationImpl.java:1137)
	at com.intellij.codeInsight.daemon.impl.PassExecutorService$ScheduledPass.lambda$doRun$2(PassExecutorService.java:393)
	at com.intellij.openapi.progress.impl.CoreProgressManager.registerIndicatorAndRun(CoreProgressManager.java:658)
	at com.intellij.openapi.progress.impl.CoreProgressManager.executeProcessUnderProgress(CoreProgressManager.java:610)
	at com.intellij.openapi.progress.impl.ProgressManagerImpl.executeProcessUnderProgress(ProgressManagerImpl.java:65)
	at com.intellij.codeInsight.daemon.impl.PassExecutorService$ScheduledPass.doRun(PassExecutorService.java:392)
	at com.intellij.codeInsight.daemon.impl.PassExecutorService$ScheduledPass.lambda$run$0(PassExecutorService.java:368)
	at com.intellij.openapi.application.impl.ReadMostlyRWLock.executeByImpatientReader(ReadMostlyRWLock.java:172)
	at com.intellij.openapi.application.impl.ApplicationImpl.executeByImpatientReader(ApplicationImpl.java:183)
	at com.intellij.codeInsight.daemon.impl.PassExecutorService$ScheduledPass.run(PassExecutorService.java:366)
	at com.intellij.concurrency.JobLauncherImpl$VoidForkJoinTask$1.exec(JobLauncherImpl.java:188)
	at java.base/java.util.concurrent.ForkJoinTask.doExec(ForkJoinTask.java:290)
	at java.base/java.util.concurrent.ForkJoinPool$WorkQueue.topLevelExec(ForkJoinPool.java:1020)
	at java.base/java.util.concurrent.ForkJoinPool.scan(ForkJoinPool.java:1656)
	at java.base/java.util.concurrent.ForkJoinPool.runWorker(ForkJoinPool.java:1594)
	at java.base/java.util.concurrent.ForkJoinWorkerThread.run(ForkJoinWorkerThread.java:183)
2020-12-09 22:12:19,364 [  37590]  ERROR - aemon.impl.PassExecutorService - IntelliJ IDEA 2020.3  Build #IC-203.5981.155 
2020-12-09 22:12:19,364 [  37590]  ERROR - aemon.impl.PassExecutorService - JDK: 11.0.9; VM: OpenJDK 64-Bit Server VM; Vendor: JetBrains s.r.o. 
2020-12-09 22:12:19,364 [  37590]  ERROR - aemon.impl.PassExecutorService - OS: Linux 
2020-12-09 22:12:19,365 [  37591]  ERROR - aemon.impl.PassExecutorService - Last Action:  
OpenJDK 64-Bit Server VM warning: Option UseConcMarkSweepGC was deprecated in version 9.0 and will likely be removed in a future release.
